<?xml version="1.0" encoding="UTF-8"?>
<testng-results ignored="2" total="7" passed="4" failed="1" skipped="0">
  <reporter-output>
    <line>
      <![CDATA[login with correct cred]]>
    </line>
    <line>
      <![CDATA[check box check]]>
    </line>
  </reporter-output>
  <suite started-at="2021-12-21T15:31:26 IST" name="Suite" finished-at="2021-12-21T15:31:38 IST" duration-ms="11449">
    <groups>
    </groups>
    <test started-at="2021-12-21T15:31:26 IST" name="Test" finished-at="2021-12-21T15:31:38 IST" duration-ms="11449">
      <class name="Test_Java.hovTest">
        <test-method is-config="true" signature="pageObject()[pri:0, instance:Test_Java.hovTest@20ccf40b]" started-at="2021-12-21T15:31:38 IST" name="pageObject" finished-at="2021-12-21T15:31:38 IST" duration-ms="2" status="PASS">
          <reporter-output>
          </reporter-output>
        </test-method> <!-- pageObject -->
        <test-method is-config="true" signature="pageObject1()[pri:0, instance:Test_Java.hovTest@20ccf40b]" started-at="2021-12-21T15:31:38 IST" name="pageObject1" finished-at="2021-12-21T15:31:38 IST" duration-ms="1" status="PASS">
          <reporter-output>
          </reporter-output>
        </test-method> <!-- pageObject1 -->
        <test-method signature="chkboxlist()[pri:5, instance:Test_Java.hovTest@20ccf40b]" started-at="2021-12-21T15:31:38 IST" name="chkboxlist" finished-at="2021-12-21T15:31:38 IST" duration-ms="2" status="FAIL">
          <exception class="java.lang.NullPointerException">
            <message>
              <![CDATA[Cannot invoke "org.openqa.selenium.SearchContext.findElement(org.openqa.selenium.By)" because "this.searchContext" is null]]>
            </message>
            <full-stacktrace>
              <![CDATA[java.lang.NullPointerException: Cannot invoke "org.openqa.selenium.SearchContext.findElement(org.openqa.selenium.By)" because "this.searchContext" is null
at org.openqa.selenium.support.pagefactory.DefaultElementLocator.findElement(DefaultElementLocator.java:70)
at org.openqa.selenium.support.pagefactory.internal.LocatingElementHandler.invoke(LocatingElementHandler.java:39)
at com.sun.proxy.$Proxy17.click(Unknown Source)
at Main_Java.hovering.chekbox(hovering.java:29)
at Test_Java.hovTest.chkboxlist(hovTest.java:9)
at java.base/jdk.internal.reflect.NativeMethodAccessorImpl.invoke0(Native Method)
at java.base/jdk.internal.reflect.NativeMethodAccessorImpl.invoke(NativeMethodAccessorImpl.java:64)
at java.base/jdk.internal.reflect.DelegatingMethodAccessorImpl.invoke(DelegatingMethodAccessorImpl.java:43)
at java.base/java.lang.reflect.Method.invoke(Method.java:564)
at org.testng.internal.MethodInvocationHelper.invokeMethod(MethodInvocationHelper.java:133)
at org.testng.internal.TestInvoker.invokeMethod(TestInvoker.java:598)
at org.testng.internal.TestInvoker.invokeTestMethod(TestInvoker.java:173)
at org.testng.internal.MethodRunner.runInSequence(MethodRunner.java:46)
at org.testng.internal.TestInvoker$MethodInvocationAgent.invoke(TestInvoker.java:824)
at org.testng.internal.TestInvoker.invokeTestMethods(TestInvoker.java:146)
at org.testng.internal.TestMethodWorker.invokeTestMethods(TestMethodWorker.java:146)
at org.testng.internal.TestMethodWorker.run(TestMethodWorker.java:128)
at java.base/java.util.ArrayList.forEach(ArrayList.java:1511)
at org.testng.TestRunner.privateRun(TestRunner.java:794)
at org.testng.TestRunner.run(TestRunner.java:596)
at org.testng.SuiteRunner.runTest(SuiteRunner.java:377)
at org.testng.SuiteRunner.runSequentially(SuiteRunner.java:371)
at org.testng.SuiteRunner.privateRun(SuiteRunner.java:332)
at org.testng.SuiteRunner.run(SuiteRunner.java:276)
at org.testng.SuiteRunnerWorker.runSuite(SuiteRunnerWorker.java:53)
at org.testng.SuiteRunnerWorker.run(SuiteRunnerWorker.java:96)
at org.testng.TestNG.runSuitesSequentially(TestNG.java:1212)
at org.testng.TestNG.runSuitesLocally(TestNG.java:1134)
at org.testng.TestNG.runSuites(TestNG.java:1063)
at org.testng.TestNG.run(TestNG.java:1031)
at org.testng.remote.AbstractRemoteTestNG.run(AbstractRemoteTestNG.java:115)
at org.testng.remote.RemoteTestNG.initAndRun(RemoteTestNG.java:251)
at org.testng.remote.RemoteTestNG.main(RemoteTestNG.java:77)
]]>
            </full-stacktrace>
          </exception> <!-- java.lang.NullPointerException -->
          <reporter-output>
            <line>
              <![CDATA[check box check]]>
            </line>
          </reporter-output>
        </test-method> <!-- chkboxlist -->
      </class> <!-- Test_Java.hovTest -->
      <class name="Test_Java.Login_Test">
        <test-method is-config="true" signature="WebBrowserLaunch()[pri:0, instance:Test_Java.Login_Test@73e22a3d]" started-at="2021-12-21T15:30:55 IST" name="WebBrowserLaunch" finished-at="2021-12-21T15:31:26 IST" duration-ms="31149" status="PASS">
          <reporter-output>
          </reporter-output>
        </test-method> <!-- WebBrowserLaunch -->
        <test-method is-config="true" signature="pageObject()[pri:0, instance:Test_Java.Login_Test@73e22a3d]" started-at="2021-12-21T15:31:26 IST" name="pageObject" finished-at="2021-12-21T15:31:27 IST" duration-ms="308" status="PASS">
          <reporter-output>
          </reporter-output>
        </test-method> <!-- pageObject -->
        <test-method is-config="true" signature="pageObject1()[pri:0, instance:Test_Java.Login_Test@73e22a3d]" started-at="2021-12-21T15:31:27 IST" name="pageObject1" finished-at="2021-12-21T15:31:27 IST" duration-ms="1" status="PASS">
          <reporter-output>
          </reporter-output>
        </test-method> <!-- pageObject1 -->
        <test-method signature="verifyLoginPageUrl()[pri:-1, instance:Test_Java.Login_Test@73e22a3d]" started-at="2021-12-21T15:31:27 IST" name="verifyLoginPageUrl" finished-at="2021-12-21T15:31:27 IST" duration-ms="67" status="PASS">
          <reporter-output>
          </reporter-output>
        </test-method> <!-- verifyLoginPageUrl -->
        <test-method signature="verifyLoginBtnIsClickable()[pri:0, instance:Test_Java.Login_Test@73e22a3d]" started-at="2021-12-21T15:31:27 IST" name="verifyLoginBtnIsClickable" finished-at="2021-12-21T15:31:27 IST" duration-ms="502" status="PASS">
          <reporter-output>
          </reporter-output>
        </test-method> <!-- verifyLoginBtnIsClickable -->
        <test-method signature="verifyLoginWithCorrectCred()[pri:1, instance:Test_Java.Login_Test@73e22a3d]" started-at="2021-12-21T15:31:27 IST" name="verifyLoginWithCorrectCred" finished-at="2021-12-21T15:31:38 IST" duration-ms="10294" status="PASS">
          <reporter-output>
            <line>
              <![CDATA[login with correct cred]]>
            </line>
          </reporter-output>
        </test-method> <!-- verifyLoginWithCorrectCred -->
        <test-method signature="verifyTitleOfLoginPage()[pri:2, instance:Test_Java.Login_Test@73e22a3d]" started-at="2021-12-21T15:31:38 IST" name="verifyTitleOfLoginPage" finished-at="2021-12-21T15:31:38 IST" duration-ms="86" status="PASS">
          <reporter-output>
          </reporter-output>
        </test-method> <!-- verifyTitleOfLoginPage -->
        <test-method is-config="true" signature="teardown()[pri:0, instance:Test_Java.Login_Test@73e22a3d]" started-at="2021-12-21T15:31:38 IST" name="teardown" finished-at="2021-12-21T15:31:40 IST" duration-ms="2158" status="PASS">
          <reporter-output>
          </reporter-output>
        </test-method> <!-- teardown -->
      </class> <!-- Test_Java.Login_Test -->
    </test> <!-- Test -->
  </suite> <!-- Suite -->
</testng-results>
